<?xml version="1.0" encoding="UTF-8"?>
<!-- Generated by org.testng.reporters.JUnitReportReporter -->
<testsuite hostname="Mostafa" failures="0" tests="3" name="testScenarios.TestMethods_GoogleSearch" time="36.430" errors="0" timestamp="2022-11-23T12:45:10 BDT" skipped="0">
  <testcase classname="testScenarios.TestMethods_GoogleSearch" name="SearchOperation" time="7.925"/>
  <system-out/>
  <testcase classname="testScenarios.TestMethods_GoogleSearch" name="VerifyAndAccessFacebook" time="4.035"/>
  <system-out/>
  <testcase classname="testScenarios.TestMethods_GoogleSearch" name="VerifyLogin" time="24.470"/>
  <system-out/>
</testsuite> <!-- testScenarios.TestMethods_GoogleSearch -->
